# JRE version: OpenJDK Runtime Environment (8.0_31-b13) (build 1.8.0_31-b13)
# Java VM: OpenJDK 64-Bit Server VM (25.31-b07 mixed mode linux-amd64 compressed oops)
Heap:
 PSYoungGen      total 155136K, used 58414K [0x00000000ec700000, 0x00000000fe500000, 0x0000000100000000)
  eden space 153600K, 37% used [0x00000000ec700000,0x00000000efed3b78,0x00000000f5d00000)
  from space 1536K, 81% used [0x00000000fe100000,0x00000000fe238000,0x00000000fe280000)
  to   space 2560K, 0% used [0x00000000fe280000,0x00000000fe280000,0x00000000fe500000)
 ParOldGen       total 127488K, used 95014K [0x00000000c5400000, 0x00000000cd080000, 0x00000000ec700000)
  object space 127488K, 74% used [0x00000000c5400000,0x00000000cb0c9b48,0x00000000cd080000)
 Metaspace       used 54554K, capacity 85337K, committed 85424K, reserved 1110016K
  class space    used 14376K, capacity 24175K, committed 24240K, reserved 1048576K
GC Heap History (10 events):
Event: 24223.330 GC heap before
{Heap before GC invocations=2566 (full 5):
 PSYoungGen      total 181760K, used 181584K [0x00000000ec700000, 0x00000000fe980000, 0x0000000100000000)
  eden space 180736K, 100% used [0x00000000ec700000,0x00000000f7780000,0x00000000f7780000)
  from space 1024K, 82% used [0x00000000fe880000,0x00000000fe954010,0x00000000fe980000)
  to   space 2560K, 0% used [0x00000000fe480000,0x00000000fe480000,0x00000000fe700000)
 ParOldGen       total 127488K, used 94846K [0x00000000c5400000, 0x00000000cd080000, 0x00000000ec700000)
  object space 127488K, 74% used [0x00000000c5400000,0x00000000cb09fb48,0x00000000cd080000)
 Metaspace       used 53348K, capacity 82753K, committed 82992K, reserved 1110016K
  class space    used 13892K, capacity 23215K, committed 23344K, reserved 1048576K
Event: 24223.336 GC heap after
Heap after GC invocations=2566 (full 5):
 PSYoungGen      total 175616K, used 976K [0x00000000ec700000, 0x00000000fe900000, 0x0000000100000000)
  eden space 174592K, 0% used [0x00000000ec700000,0x00000000ec700000,0x00000000f7180000)
  from space 1024K, 95% used [0x00000000fe480000,0x00000000fe574010,0x00000000fe580000)
  to   space 2560K, 0% used [0x00000000fe680000,0x00000000fe680000,0x00000000fe900000)
 ParOldGen       total 127488K, used 94870K [0x00000000c5400000, 0x00000000cd080000, 0x00000000ec700000)
  object space 127488K, 74% used [0x00000000c5400000,0x00000000cb0a5b48,0x00000000cd080000)
 Metaspace       used 53348K, capacity 82753K, committed 82992K, reserved 1110016K
  class space    used 13892K, capacity 23215K, committed 23344K, reserved 1048576K
}
Event: 24598.045 GC heap before
{Heap before GC invocations=2567 (full 5):
 PSYoungGen      total 175616K, used 175568K [0x00000000ec700000, 0x00000000fe900000, 0x0000000100000000)
  eden space 174592K, 100% used [0x00000000ec700000,0x00000000f7180000,0x00000000f7180000)
  from space 1024K, 95% used [0x00000000fe480000,0x00000000fe574010,0x00000000fe580000)
  to   space 2560K, 0% used [0x00000000fe680000,0x00000000fe680000,0x00000000fe900000)
 ParOldGen       total 127488K, used 94870K [0x00000000c5400000, 0x00000000cd080000, 0x00000000ec700000)
  object space 127488K, 74% used [0x00000000c5400000,0x00000000cb0a5b48,0x00000000cd080000)
 Metaspace       used 53757K, capacity 83593K, committed 83760K, reserved 1110016K
  class space    used 14050K, capacity 23515K, committed 23600K, reserved 1048576K
Event: 24598.052 GC heap after
Heap after GC invocations=2567 (full 5):
 PSYoungGen      total 170496K, used 1104K [0x00000000ec700000, 0x00000000fe800000, 0x0000000100000000)
  eden space 168960K, 0% used [0x00000000ec700000,0x00000000ec700000,0x00000000f6c00000)
  from space 1536K, 71% used [0x00000000fe680000,0x00000000fe794010,0x00000000fe800000)
  to   space 2560K, 0% used [0x00000000fe300000,0x00000000fe300000,0x00000000fe580000)
 ParOldGen       total 127488K, used 94902K [0x00000000c5400000, 0x00000000cd080000, 0x00000000ec700000)
  object space 127488K, 74% used [0x00000000c5400000,0x00000000cb0adb48,0x00000000cd080000)
 Metaspace       used 53757K, capacity 83593K, committed 83760K, reserved 1110016K
  class space    used 14050K, capacity 23515K, committed 23600K, reserved 1048576K
}
Event: 24599.196 GC heap before
{Heap before GC invocations=2568 (full 5):
 PSYoungGen      total 170496K, used 170064K [0x00000000ec700000, 0x00000000fe800000, 0x0000000100000000)
  eden space 168960K, 100% used [0x00000000ec700000,0x00000000f6c00000,0x00000000f6c00000)
  from space 1536K, 71% used [0x00000000fe680000,0x00000000fe794010,0x00000000fe800000)
  to   space 2560K, 0% used [0x00000000fe300000,0x00000000fe300000,0x00000000fe580000)
 ParOldGen       total 127488K, used 94902K [0x00000000c5400000, 0x00000000cd080000, 0x00000000ec700000)
  object space 127488K, 74% used [0x00000000c5400000,0x00000000cb0adb48,0x00000000cd080000)
 Metaspace       used 53950K, capacity 84019K, committed 84144K, reserved 1110016K
  class space    used 14133K, capacity 23673K, committed 23728K, reserved 1048576K
Event: 24599.206 GC heap after
Heap after GC invocations=2568 (full 5):
 PSYoungGen      total 165376K, used 1056K [0x00000000ec700000, 0x00000000fe700000, 0x0000000100000000)
  eden space 163840K, 0% used [0x00000000ec700000,0x00000000ec700000,0x00000000f6700000)
  from space 1536K, 68% used [0x00000000fe300000,0x00000000fe408000,0x00000000fe480000)
  to   space 2560K, 0% used [0x00000000fe480000,0x00000000fe480000,0x00000000fe700000)
 ParOldGen       total 127488K, used 94934K [0x00000000c5400000, 0x00000000cd080000, 0x00000000ec700000)
  object space 127488K, 74% used [0x00000000c5400000,0x00000000cb0b5b48,0x00000000cd080000)
 Metaspace       used 53950K, capacity 84019K, committed 84144K, reserved 1110016K
  class space    used 14133K, capacity 23673K, committed 23728K, reserved 1048576K
}
Event: 24601.719 GC heap before
{Heap before GC invocations=2569 (full 5):
 PSYoungGen      total 165376K, used 164896K [0x00000000ec700000, 0x00000000fe700000, 0x0000000100000000)
  eden space 163840K, 100% used [0x00000000ec700000,0x00000000f6700000,0x00000000f6700000)
  from space 1536K, 68% used [0x00000000fe300000,0x00000000fe408000,0x00000000fe480000)
  to   space 2560K, 0% used [0x00000000fe480000,0x00000000fe480000,0x00000000fe700000)
 ParOldGen       total 127488K, used 94934K [0x00000000c5400000, 0x00000000cd080000, 0x00000000ec700000)
  object space 127488K, 74% used [0x00000000c5400000,0x00000000cb0b5b48,0x00000000cd080000)
 Metaspace       used 54183K, capacity 84579K, committed 84912K, reserved 1110016K
  class space    used 14232K, capacity 23877K, committed 23984K, reserved 1048576K
Event: 24601.726 GC heap after
Heap after GC invocations=2569 (full 5):
 PSYoungGen      total 160256K, used 1184K [0x00000000ec700000, 0x00000000fe600000, 0x0000000100000000)
  eden space 158720K, 0% used [0x00000000ec700000,0x00000000ec700000,0x00000000f6200000)
  from space 1536K, 77% used [0x00000000fe480000,0x00000000fe5a8000,0x00000000fe600000)
  to   space 2560K, 0% used [0x00000000fe100000,0x00000000fe100000,0x00000000fe380000)
 ParOldGen       total 127488K, used 94974K [0x00000000c5400000, 0x00000000cd080000, 0x00000000ec700000)
  object space 127488K, 74% used [0x00000000c5400000,0x00000000cb0bfb48,0x00000000cd080000)
 Metaspace       used 54183K, capacity 84579K, committed 84912K, reserved 1110016K
  class space    used 14232K, capacity 23877K, committed 23984K, reserved 1048576K
}
Event: 24602.750 GC heap before
{Heap before GC invocations=2570 (full 5):
 PSYoungGen      total 160256K, used 159904K [0x00000000ec700000, 0x00000000fe600000, 0x0000000100000000)
  eden space 158720K, 100% used [0x00000000ec700000,0x00000000f6200000,0x00000000f6200000)
  from space 1536K, 77% used [0x00000000fe480000,0x00000000fe5a8000,0x00000000fe600000)
  to   space 2560K, 0% used [0x00000000fe100000,0x00000000fe100000,0x00000000fe380000)
 ParOldGen       total 127488K, used 94974K [0x00000000c5400000, 0x00000000cd080000, 0x00000000ec700000)
  object space 127488K, 74% used [0x00000000c5400000,0x00000000cb0bfb48,0x00000000cd080000)
 Metaspace       used 54436K, capacity 85167K, committed 85296K, reserved 1110016K
  class space    used 14340K, capacity 24093K, committed 24112K, reserved 1048576K
Event: 24602.758 GC heap after
Heap after GC invocations=2570 (full 5):
 PSYoungGen      total 155136K, used 1248K [0x00000000ec700000, 0x00000000fe500000, 0x0000000100000000)
  eden space 153600K, 0% used [0x00000000ec700000,0x00000000ec700000,0x00000000f5d00000)
  from space 1536K, 81% used [0x00000000fe100000,0x00000000fe238000,0x00000000fe280000)
  to   space 2560K, 0% used [0x00000000fe280000,0x00000000fe280000,0x00000000fe500000)
 ParOldGen       total 127488K, used 95014K [0x00000000c5400000, 0x00000000cd080000, 0x00000000ec700000)
  object space 127488K, 74% used [0x00000000c5400000,0x00000000cb0c9b48,0x00000000cd080000)
 Metaspace       used 54436K, capacity 85167K, committed 85296K, reserved 1110016K
  class space    used 14340K, capacity 24093K, committed 24112K, reserved 1048576K
}

