# JRE version: OpenJDK Runtime Environment (8.0_71-b15) (build 1.8.0_71-b15)
# Java VM: OpenJDK 64-Bit Server VM (25.71-b15 mixed mode linux-amd64 compressed oops)
Heap:
 PSYoungGen      total 309760K, used 276993K [0x00000000ec700000, 0x00000000ffe80000, 0x0000000100000000)
  eden space 300544K, 90% used [0x00000000ec700000,0x00000000fd1dc540,0x00000000fec80000)
  from space 9216K, 40% used [0x00000000fec80000,0x00000000ff024020,0x00000000ff580000)
  to   space 8704K, 0% used [0x00000000ff600000,0x00000000ff600000,0x00000000ffe80000)
 ParOldGen       total 91136K, used 40048K [0x00000000c5400000, 0x00000000cad00000, 0x00000000ec700000)
  object space 91136K, 43% used [0x00000000c5400000,0x00000000c7b1c1c0,0x00000000cad00000)
 Metaspace       used 49295K, capacity 69731K, committed 70056K, reserved 1099776K
  class space    used 12455K, capacity 19261K, committed 19368K, reserved 1048576K
GC Heap History (10 events):
Event: 130.619 GC heap before
{Heap before GC invocations=28 (full 3):
 PSYoungGen      total 310272K, used 302032K [0x00000000ec700000, 0x0000000100000000, 0x0000000100000000)
  eden space 300032K, 100% used [0x00000000ec700000,0x00000000fec00000,0x00000000fec00000)
  from space 10240K, 19% used [0x00000000ff600000,0x00000000ff7f4010,0x0000000100000000)
  to   space 10240K, 0% used [0x00000000fec00000,0x00000000fec00000,0x00000000ff600000)
 ParOldGen       total 91136K, used 40008K [0x00000000c5400000, 0x00000000cad00000, 0x00000000ec700000)
  object space 91136K, 43% used [0x00000000c5400000,0x00000000c7b121c0,0x00000000cad00000)
 Metaspace       used 47064K, capacity 65107K, committed 65320K, reserved 1097728K
  class space    used 11591K, capacity 17593K, committed 17704K, reserved 1048576K
Event: 130.635 GC heap after
Heap after GC invocations=28 (full 3):
 PSYoungGen      total 310272K, used 3008K [0x00000000ec700000, 0x0000000100000000, 0x0000000100000000)
  eden space 300032K, 0% used [0x00000000ec700000,0x00000000ec700000,0x00000000fec00000)
  from space 10240K, 29% used [0x00000000fec00000,0x00000000feef0000,0x00000000ff600000)
  to   space 10240K, 0% used [0x00000000ff600000,0x00000000ff600000,0x0000000100000000)
 ParOldGen       total 91136K, used 40016K [0x00000000c5400000, 0x00000000cad00000, 0x00000000ec700000)
  object space 91136K, 43% used [0x00000000c5400000,0x00000000c7b141c0,0x00000000cad00000)
 Metaspace       used 47064K, capacity 65107K, committed 65320K, reserved 1097728K
  class space    used 11591K, capacity 17593K, committed 17704K, reserved 1048576K
}
Event: 137.337 GC heap before
{Heap before GC invocations=29 (full 3):
 PSYoungGen      total 310272K, used 303040K [0x00000000ec700000, 0x0000000100000000, 0x0000000100000000)
  eden space 300032K, 100% used [0x00000000ec700000,0x00000000fec00000,0x00000000fec00000)
  from space 10240K, 29% used [0x00000000fec00000,0x00000000feef0000,0x00000000ff600000)
  to   space 10240K, 0% used [0x00000000ff600000,0x00000000ff600000,0x0000000100000000)
 ParOldGen       total 91136K, used 40016K [0x00000000c5400000, 0x00000000cad00000, 0x00000000ec700000)
  object space 91136K, 43% used [0x00000000c5400000,0x00000000c7b141c0,0x00000000cad00000)
 Metaspace       used 47525K, capacity 66123K, committed 66472K, reserved 1097728K
  class space    used 11780K, capacity 17965K, committed 18088K, reserved 1048576K
Event: 137.354 GC heap after
Heap after GC invocations=29 (full 3):
 PSYoungGen      total 310272K, used 3136K [0x00000000ec700000, 0x0000000100000000, 0x0000000100000000)
  eden space 300032K, 0% used [0x00000000ec700000,0x00000000ec700000,0x00000000fec00000)
  from space 10240K, 30% used [0x00000000ff600000,0x00000000ff910000,0x0000000100000000)
  to   space 10240K, 0% used [0x00000000fec00000,0x00000000fec00000,0x00000000ff600000)
 ParOldGen       total 91136K, used 40024K [0x00000000c5400000, 0x00000000cad00000, 0x00000000ec700000)
  object space 91136K, 43% used [0x00000000c5400000,0x00000000c7b161c0,0x00000000cad00000)
 Metaspace       used 47525K, capacity 66123K, committed 66472K, reserved 1097728K
  class space    used 11780K, capacity 17965K, committed 18088K, reserved 1048576K
}
Event: 138.991 GC heap before
{Heap before GC invocations=30 (full 3):
 PSYoungGen      total 310272K, used 303168K [0x00000000ec700000, 0x0000000100000000, 0x0000000100000000)
  eden space 300032K, 100% used [0x00000000ec700000,0x00000000fec00000,0x00000000fec00000)
  from space 10240K, 30% used [0x00000000ff600000,0x00000000ff910000,0x0000000100000000)
  to   space 10240K, 0% used [0x00000000fec00000,0x00000000fec00000,0x00000000ff600000)
 ParOldGen       total 91136K, used 40024K [0x00000000c5400000, 0x00000000cad00000, 0x00000000ec700000)
  object space 91136K, 43% used [0x00000000c5400000,0x00000000c7b161c0,0x00000000cad00000)
 Metaspace       used 47892K, capacity 66941K, committed 67240K, reserved 1097728K
  class space    used 11935K, capacity 18267K, committed 18344K, reserved 1048576K
Event: 139.003 GC heap after
Heap after GC invocations=30 (full 3):
 PSYoungGen      total 303616K, used 3280K [0x00000000ec700000, 0x00000000fff00000, 0x0000000100000000)
  eden space 300032K, 0% used [0x00000000ec700000,0x00000000ec700000,0x00000000fec00000)
  from space 3584K, 91% used [0x00000000fec00000,0x00000000fef34010,0x00000000fef80000)
  to   space 9728K, 0% used [0x00000000ff580000,0x00000000ff580000,0x00000000fff00000)
 ParOldGen       total 91136K, used 40032K [0x00000000c5400000, 0x00000000cad00000, 0x00000000ec700000)
  object space 91136K, 43% used [0x00000000c5400000,0x00000000c7b181c0,0x00000000cad00000)
 Metaspace       used 47892K, capacity 66941K, committed 67240K, reserved 1097728K
  class space    used 11935K, capacity 18267K, committed 18344K, reserved 1048576K
}
Event: 145.479 GC heap before
{Heap before GC invocations=31 (full 3):
 PSYoungGen      total 303616K, used 303312K [0x00000000ec700000, 0x00000000fff00000, 0x0000000100000000)
  eden space 300032K, 100% used [0x00000000ec700000,0x00000000fec00000,0x00000000fec00000)
  from space 3584K, 91% used [0x00000000fec00000,0x00000000fef34010,0x00000000fef80000)
  to   space 9728K, 0% used [0x00000000ff580000,0x00000000ff580000,0x00000000fff00000)
 ParOldGen       total 91136K, used 40032K [0x00000000c5400000, 0x00000000cad00000, 0x00000000ec700000)
  object space 91136K, 43% used [0x00000000c5400000,0x00000000c7b181c0,0x00000000cad00000)
 Metaspace       used 48311K, capacity 67905K, committed 68136K, reserved 1099776K
  class space    used 12108K, capacity 18619K, committed 18728K, reserved 1048576K
Event: 145.490 GC heap after
Heap after GC invocations=31 (full 3):
 PSYoungGen      total 310272K, used 3520K [0x00000000ec700000, 0x0000000100000000, 0x0000000100000000)
  eden space 300544K, 0% used [0x00000000ec700000,0x00000000ec700000,0x00000000fec80000)
  from space 9728K, 36% used [0x00000000ff580000,0x00000000ff8f0030,0x00000000fff00000)
  to   space 9216K, 0% used [0x00000000fec80000,0x00000000fec80000,0x00000000ff580000)
 ParOldGen       total 91136K, used 40040K [0x00000000c5400000, 0x00000000cad00000, 0x00000000ec700000)
  object space 91136K, 43% used [0x00000000c5400000,0x00000000c7b1a1c0,0x00000000cad00000)
 Metaspace       used 48311K, capacity 67905K, committed 68136K, reserved 1099776K
  class space    used 12108K, capacity 18619K, committed 18728K, reserved 1048576K
}
Event: 273.634 GC heap before
{Heap before GC invocations=32 (full 3):
 PSYoungGen      total 310272K, used 304064K [0x00000000ec700000, 0x0000000100000000, 0x0000000100000000)
  eden space 300544K, 100% used [0x00000000ec700000,0x00000000fec80000,0x00000000fec80000)
  from space 9728K, 36% used [0x00000000ff580000,0x00000000ff8f0030,0x00000000fff00000)
  to   space 9216K, 0% used [0x00000000fec80000,0x00000000fec80000,0x00000000ff580000)
 ParOldGen       total 91136K, used 40040K [0x00000000c5400000, 0x00000000cad00000, 0x00000000ec700000)
  object space 91136K, 43% used [0x00000000c5400000,0x00000000c7b1a1c0,0x00000000cad00000)
 Metaspace       used 48820K, capacity 68993K, committed 69288K, reserved 1099776K
  class space    used 12310K, capacity 19015K, committed 19112K, reserved 1048576K
Event: 273.652 GC heap after
Heap after GC invocations=32 (full 3):
 PSYoungGen      total 309760K, used 3728K [0x00000000ec700000, 0x00000000ffe80000, 0x0000000100000000)
  eden space 300544K, 0% used [0x00000000ec700000,0x00000000ec700000,0x00000000fec80000)
  from space 9216K, 40% used [0x00000000fec80000,0x00000000ff024020,0x00000000ff580000)
  to   space 8704K, 0% used [0x00000000ff600000,0x00000000ff600000,0x00000000ffe80000)
 ParOldGen       total 91136K, used 40048K [0x00000000c5400000, 0x00000000cad00000, 0x00000000ec700000)
  object space 91136K, 43% used [0x00000000c5400000,0x00000000c7b1c1c0,0x00000000cad00000)
 Metaspace       used 48820K, capacity 68993K, committed 69288K, reserved 1099776K
  class space    used 12310K, capacity 19015K, committed 19112K, reserved 1048576K
}

